[openstudio.LocalLibraryController] <-2> Creating LocalLibraryController with base app 0000003ABB10F700
[utilities.bcl.BCLMeasure] <-2> Loading measures in path: D:/OpenStudio 1.11.0/share/openstudio-1.11.0/pat/Measures
[utilities.bcl.BCLMeasure] <-2> Attempting to load measure: D:/OpenStudio 1.11.0/share/openstudio-1.11.0/pat/Measures/CalibrationReports
[utilities.bcl.BCLMeasure] <-2> Success loading measure: D:/OpenStudio 1.11.0/share/openstudio-1.11.0/pat/Measures/CalibrationReports
[utilities.bcl.BCLMeasure] <-2> Attempting to load measure: D:/OpenStudio 1.11.0/share/openstudio-1.11.0/pat/Measures/RadianceMeasure
[utilities.bcl.BCLMeasure] <-2> Success loading measure: D:/OpenStudio 1.11.0/share/openstudio-1.11.0/pat/Measures/RadianceMeasure
[utilities.bcl.BCLMeasure] <-2> Attempting to load measure: D:/OpenStudio 1.11.0/share/openstudio-1.11.0/pat/Measures/ReplaceModel
[utilities.bcl.BCLMeasure] <-2> Success loading measure: D:/OpenStudio 1.11.0/share/openstudio-1.11.0/pat/Measures/ReplaceModel
[utilities.bcl.BCLMeasure] <-2> Attempting to load measure: D:/OpenStudio 1.11.0/share/openstudio-1.11.0/pat/Measures/ReportRequest
[utilities.bcl.BCLMeasure] <-2> Success loading measure: D:/OpenStudio 1.11.0/share/openstudio-1.11.0/pat/Measures/ReportRequest
[utilities.bcl.BCLMeasure] <-2> Attempting to load measure: D:/OpenStudio 1.11.0/share/openstudio-1.11.0/pat/Measures/StandardReports
[utilities.bcl.BCLMeasure] <-2> Success loading measure: D:/OpenStudio 1.11.0/share/openstudio-1.11.0/pat/Measures/StandardReports
[utilities.bcl.BCLMeasure] <-2> Loading measures in path: C:/Users/wxiao/OpenStudio/Measures
[saveModel] <-2> Saved model to 'C:/Users/wxiao/AppData/Local/Temp/OpenStudio.n75800/in.osm'
[saveModelTempDir] <-2> Copying C:/Users/wxiao/AppData/Local/Temp/OpenStudio.n75800/resources to C:/Users/wxiao/Desktop/LI-WANG-WU-ZHANG/step2 creatingthebuildingfromdiagram
[copyDir] <-1> copyDir 'C:/Users/wxiao/AppData/Local/Temp/OpenStudio.n75800/resources' to 'C:/Users/wxiao/Desktop/LI-WANG-WU-ZHANG/step2 creatingthebuildingfromdiagram'
[copyDir] <-1> Creating directory named = 'step2 creatingthebuildingfromdiagram' in parentDstDir = 'C:/Users/wxiao/Desktop/LI-WANG-WU-ZHANG'
[synchDirStructures] <-1> Synching destination 'C:/Users/wxiao/Desktop/LI-WANG-WU-ZHANG/step2 creatingthebuildingfromdiagram' with source 'C:/Users/wxiao/AppData/Local/Temp/OpenStudio.n75800/resources'
[copyDir] <-1> copyDir 'C:/Users/wxiao/AppData/Local/Temp/OpenStudio.n75800/resources/files' to 'C:/Users/wxiao/Desktop/LI-WANG-WU-ZHANG/step2 creatingthebuildingfromdiagram/files'
[copyDir] <-1> Creating directory named = 'files' in parentDstDir = 'C:/Users/wxiao/Desktop/LI-WANG-WU-ZHANG/step2 creatingthebuildingfromdiagram'
[synchDirStructures] <-1> Synching destination 'C:/Users/wxiao/Desktop/LI-WANG-WU-ZHANG/step2 creatingthebuildingfromdiagram/files' with source 'C:/Users/wxiao/AppData/Local/Temp/OpenStudio.n75800/resources/files'
