[openstudio.LocalLibraryController] <-2> Creating LocalLibraryController with base app 000000B453AFF6B0
[utilities.bcl.BCLMeasure] <-2> Loading measures in path: D:/OpenStudio 1.11.0/share/openstudio-1.11.0/pat/Measures
[utilities.bcl.BCLMeasure] <-2> Attempting to load measure: D:/OpenStudio 1.11.0/share/openstudio-1.11.0/pat/Measures/CalibrationReports
[utilities.bcl.BCLMeasure] <-2> Success loading measure: D:/OpenStudio 1.11.0/share/openstudio-1.11.0/pat/Measures/CalibrationReports
[utilities.bcl.BCLMeasure] <-2> Attempting to load measure: D:/OpenStudio 1.11.0/share/openstudio-1.11.0/pat/Measures/RadianceMeasure
[utilities.bcl.BCLMeasure] <-2> Success loading measure: D:/OpenStudio 1.11.0/share/openstudio-1.11.0/pat/Measures/RadianceMeasure
[utilities.bcl.BCLMeasure] <-2> Attempting to load measure: D:/OpenStudio 1.11.0/share/openstudio-1.11.0/pat/Measures/ReplaceModel
[utilities.bcl.BCLMeasure] <-2> Success loading measure: D:/OpenStudio 1.11.0/share/openstudio-1.11.0/pat/Measures/ReplaceModel
[utilities.bcl.BCLMeasure] <-2> Attempting to load measure: D:/OpenStudio 1.11.0/share/openstudio-1.11.0/pat/Measures/ReportRequest
[utilities.bcl.BCLMeasure] <-2> Success loading measure: D:/OpenStudio 1.11.0/share/openstudio-1.11.0/pat/Measures/ReportRequest
[utilities.bcl.BCLMeasure] <-2> Attempting to load measure: D:/OpenStudio 1.11.0/share/openstudio-1.11.0/pat/Measures/StandardReports
[utilities.bcl.BCLMeasure] <-2> Success loading measure: D:/OpenStudio 1.11.0/share/openstudio-1.11.0/pat/Measures/StandardReports
[utilities.bcl.BCLMeasure] <-2> Loading measures in path: C:/Users/wxiao/OpenStudio/Measures
[saveModel] <-2> Saved model to 'C:/Users/wxiao/AppData/Local/Temp/OpenStudio.F78140/in.osm'
[saveModelTempDir] <-2> Copying C:/Users/wxiao/AppData/Local/Temp/OpenStudio.F78140/resources to C:/Users/wxiao/Desktop/LI-WANG-WU-ZHANG/step6 addingthermalzones
[copyDir] <-1> copyDir 'C:/Users/wxiao/AppData/Local/Temp/OpenStudio.F78140/resources' to 'C:/Users/wxiao/Desktop/LI-WANG-WU-ZHANG/step6 addingthermalzones'
[copyDir] <-1> Creating directory named = 'step6 addingthermalzones' in parentDstDir = 'C:/Users/wxiao/Desktop/LI-WANG-WU-ZHANG'
[synchDirStructures] <-1> Synching destination 'C:/Users/wxiao/Desktop/LI-WANG-WU-ZHANG/step6 addingthermalzones' with source 'C:/Users/wxiao/AppData/Local/Temp/OpenStudio.F78140/resources'
[copyDir] <-1> copyDir 'C:/Users/wxiao/AppData/Local/Temp/OpenStudio.F78140/resources/files' to 'C:/Users/wxiao/Desktop/LI-WANG-WU-ZHANG/step6 addingthermalzones/files'
[copyDir] <-1> Creating directory named = 'files' in parentDstDir = 'C:/Users/wxiao/Desktop/LI-WANG-WU-ZHANG/step6 addingthermalzones'
[synchDirStructures] <-1> Synching destination 'C:/Users/wxiao/Desktop/LI-WANG-WU-ZHANG/step6 addingthermalzones/files' with source 'C:/Users/wxiao/AppData/Local/Temp/OpenStudio.F78140/resources/files'
